Using pre-set license
Built from '2020.3/staging' branch; Version is '2020.3.33f1 (915a7af8b0d5) revision 9525882'; Using compiler version '192528614'; Build Type 'Release'
OS: 'Windows 10  (10.0.19044) 64bit CoreSingleLanguage' Language: 'ru' Physical Memory: 8025 MB
BatchMode: 1, IsHumanControllingUs: 0, StartBugReporterOnCrash: 0, Is64bit: 1, IsPro: 0

COMMAND LINE ARGUMENTS:
C:\Program Files\Unity\Hub\Editor\2020.3.33f1\Editor\Unity.exe
-adb2
-batchMode
-noUpm
-name
AssetImportWorker0
-projectPath
C:/Users/HUAWEI/Desktop/try_escape_game/try { escape() }
-logFile
Logs/AssetImportWorker0.log
-srvPort
65125
Successfully changed project path to: C:/Users/HUAWEI/Desktop/try_escape_game/try { escape() }
C:/Users/HUAWEI/Desktop/try_escape_game/try { escape() }
Using Asset Import Pipeline V2.
Refreshing native plugins compatible for Editor in 245.30 ms, found 3 plugins.
Preloading 0 native plugins for Editor in 0.00 ms.
Initialize engine version: 2020.3.33f1 (915a7af8b0d5)
[Subsystems] Discovering subsystems at path C:/Program Files/Unity/Hub/Editor/2020.3.33f1/Editor/Data/Resources/UnitySubsystems
[Subsystems] Discovering subsystems at path C:/Users/HUAWEI/Desktop/try_escape_game/try { escape() }/Assets
GfxDevice: creating device client; threaded=0
Direct3D:
    Version:  Direct3D 11.0 [level 11.1]
    Renderer: Intel(R) UHD Graphics (ID=0x9b41)
    Vendor:   
    VRAM:     4012 MB
    Driver:   27.20.100.8984
Initialize mono
Mono path[0] = 'C:/Program Files/Unity/Hub/Editor/2020.3.33f1/Editor/Data/Managed'
Mono path[1] = 'C:/Program Files/Unity/Hub/Editor/2020.3.33f1/Editor/Data/MonoBleedingEdge/lib/mono/unityjit'
Mono config path = 'C:/Program Files/Unity/Hub/Editor/2020.3.33f1/Editor/Data/MonoBleedingEdge/etc'
Using monoOptions --debugger-agent=transport=dt_socket,embedding=1,server=y,suspend=n,address=127.0.0.1:56108
Begin MonoManager ReloadAssembly
Registering precompiled unity dll's ...
Register platform support module: C:/Program Files/Unity/Hub/Editor/2020.3.33f1/Editor/Data/PlaybackEngines/WindowsStandaloneSupport/UnityEditor.WindowsStandalone.Extensions.dll
Registered in 0.003276 seconds.
Native extension for WindowsStandalone target not found
Refreshing native plugins compatible for Editor in 213.06 ms, found 3 plugins.
Preloading 0 native plugins for Editor in 0.00 ms.
Mono: successfully reloaded assembly
- Completed reload, in  2.213 seconds
Domain Reload Profiling:
	ReloadAssembly (2213ms)
		BeginReloadAssembly (156ms)
			ExecutionOrderSort (0ms)
			DisableScriptedObjects (0ms)
			BackupInstance (0ms)
			ReleaseScriptingObjects (0ms)
			CreateAndSetChildDomain (2ms)
		EndReloadAssembly (1867ms)
			LoadAssemblies (151ms)
			RebuildTransferFunctionScriptingTraits (0ms)
			SetupTypeCache (740ms)
			ReleaseScriptCaches (0ms)
			RebuildScriptCaches (131ms)
			SetupLoadedEditorAssemblies (615ms)
				LogAssemblyErrors (0ms)
				InitializePlatformSupportModulesInManaged (21ms)
				SetLoadedEditorAssemblies (1ms)
				RefreshPlugins (213ms)
				BeforeProcessingInitializeOnLoad (23ms)
				ProcessInitializeOnLoadAttributes (256ms)
				ProcessInitializeOnLoadMethodAttributes (100ms)
				AfterProcessingInitializeOnLoad (0ms)
				EditorAssembliesLoaded (1ms)
			ExecutionOrderSort2 (0ms)
			AwakeInstancesAfterBackupRestoration (0ms)
Platform modules already initialized, skipping
Registering precompiled user dll's ...
Registered in 0.010999 seconds.
Begin MonoManager ReloadAssembly
Symbol file LoadedFromMemory doesn't match image C:\Users\HUAWEI\Desktop\try_escape_game\try { escape() }\Library\PackageCache\com.unity.collab-proxy@1.15.15\Lib\Editor\PlasticSCM\unityplastic.dll
Native extension for WindowsStandalone target not found
Refreshing native plugins compatible for Editor in 199.26 ms, found 3 plugins.
Preloading 0 native plugins for Editor in 0.00 ms.
Mono: successfully reloaded assembly
- Completed reload, in  4.513 seconds
Domain Reload Profiling:
	ReloadAssembly (4526ms)
		BeginReloadAssembly (412ms)
			ExecutionOrderSort (0ms)
			DisableScriptedObjects (13ms)
			BackupInstance (0ms)
			ReleaseScriptingObjects (0ms)
			CreateAndSetChildDomain (44ms)
		EndReloadAssembly (3940ms)
			LoadAssemblies (286ms)
			RebuildTransferFunctionScriptingTraits (0ms)
			SetupTypeCache (1205ms)
			ReleaseScriptCaches (2ms)
			RebuildScriptCaches (293ms)
			SetupLoadedEditorAssemblies (1556ms)
				LogAssemblyErrors (0ms)
				InitializePlatformSupportModulesInManaged (11ms)
				SetLoadedEditorAssemblies (2ms)
				RefreshPlugins (199ms)
				BeforeProcessingInitializeOnLoad (376ms)
				ProcessInitializeOnLoadAttributes (860ms)
				ProcessInitializeOnLoadMethodAttributes (78ms)
				AfterProcessingInitializeOnLoad (29ms)
				EditorAssembliesLoaded (1ms)
			ExecutionOrderSort2 (0ms)
			AwakeInstancesAfterBackupRestoration (31ms)
Platform modules already initialized, skipping
========================================================================
Worker process is ready to serve import requests
Launched and connected shader compiler UnityShaderCompiler.exe after 0.19 seconds
Refreshing native plugins compatible for Editor in 1.09 ms, found 3 plugins.
Preloading 0 native plugins for Editor in 0.00 ms.
Unloading 3444 Unused Serialized files (Serialized files now loaded: 0)
System memory in use before: 170.7 MB.
System memory in use after: 170.7 MB.

Unloading 32 unused Assets to reduce memory usage. Loaded Objects now: 3900.
Total: 8.595800 ms (FindLiveObjects: 0.558800 ms CreateObjectMapping: 0.417200 ms MarkObjects: 7.148500 ms  DeleteObjects: 0.468900 ms)

AssetImportParameters requested are different than current active one (requested -> active):
  custom:framework-win-MediaFoundation: 216162199b28c13a410421893ffa2e32 -> 
  custom:video-decoder-ogg-theora: a1e56fd34408186e4bbccfd4996cb3dc -> 
  custom:container-muxer-webm: aa71ff27fc2769a1b78a27578f13a17b -> 
  custom:container-demuxer-webm: 4f35f7cbe854078d1ac9338744f61a02 -> 
  custom:container-demuxer-ogg: 62fdf1f143b41e24485cea50d1cbac27 -> 
  custom:video-encoder-webm-vp8: eb34c28f22e8b96e1ab97ce403110664 -> 
  custom:video-codec-MediaFoundation-h265: 746d11721c4dcdbdad8f713fa42b33f4 -> 
  custom:video-decoder-webm-vp8: 9c59270c3fd7afecdb556c50c9e8de78 -> 
  custom:audio-decoder-ogg-vorbis: bf7c407c2cedff20999df2af8eb42d56 -> 
  custom:audio-encoder-webm-vorbis: bf7c407c2cedff20999df2af8eb42d56 -> 
========================================================================
Received Import Request.
  path: Assets/URP/UniversalRenderPipelineAsset.asset
  artifactKey: Guid(e447444a5976cc342b47af5fe5fd1447) Importer(815301076,1909f56bfc062723c751e8b465ee728b)
Start importing Assets/URP/UniversalRenderPipelineAsset.asset using Guid(e447444a5976cc342b47af5fe5fd1447) Importer(815301076,1909f56bfc062723c751e8b465ee728b)  -> (artifact id: '6ab57198569bd1bc97c36adc877141ff') in 0.158321 seconds 
========================================================================
Received Import Request.
  Time since last request: 22.268752 seconds.
  path: Assets/Textures/лампа5.png
  artifactKey: Guid(e5578aaddba4ef049b5ec822601f5ca5) Importer(815301076,1909f56bfc062723c751e8b465ee728b)
Start importing Assets/Textures/лампа5.png using Guid(e5578aaddba4ef049b5ec822601f5ca5) Importer(815301076,1909f56bfc062723c751e8b465ee728b)  -> (artifact id: '99410e51f4e6ca4ec91dbb9644345e13') in 0.443798 seconds 
========================================================================
Received Import Request.
  Time since last request: 2.546330 seconds.
  path: Packages/com.unity.render-pipelines.core/Runtime/Debugging/Prefabs/Fonts/Perfect DOS VGA 437.ttf
  artifactKey: Guid(74a5091d8707f334b9a5c31ef71a64ba) Importer(815301076,1909f56bfc062723c751e8b465ee728b)
Start importing Packages/com.unity.render-pipelines.core/Runtime/Debugging/Prefabs/Fonts/Perfect DOS VGA 437.ttf using Guid(74a5091d8707f334b9a5c31ef71a64ba) Importer(815301076,1909f56bfc062723c751e8b465ee728b)  -> (artifact id: 'a47252ba058fbb5d0f75af9af69e64ce') in 0.157703 seconds 
========================================================================
Received Import Request.
  Time since last request: 0.000652 seconds.
  path: Assets/Textures/New Material.mat
  artifactKey: Guid(5512668a5a031854ea0eaac2a3e81855) Importer(815301076,1909f56bfc062723c751e8b465ee728b)
Start importing Assets/Textures/New Material.mat using Guid(5512668a5a031854ea0eaac2a3e81855) Importer(815301076,1909f56bfc062723c751e8b465ee728b)  -> (artifact id: 'f4e09ae12863e30d0614c1138ca19361') in 0.049511 seconds 
========================================================================
Received Import Request.
  Time since last request: 0.000453 seconds.
  path: Assets/Textures/Light.mat
  artifactKey: Guid(b36ea4b27ee6ffb4aa600f60ee7f8bdc) Importer(815301076,1909f56bfc062723c751e8b465ee728b)
Start importing Assets/Textures/Light.mat using Guid(b36ea4b27ee6ffb4aa600f60ee7f8bdc) Importer(815301076,1909f56bfc062723c751e8b465ee728b)  -> (artifact id: 'fca3c91e0a362dacb3672405b0282fbd') in 0.042197 seconds 
========================================================================
Received Import Request.
  Time since last request: 0.000460 seconds.
  path: Packages/com.unity.searcher/Editor/Resources/FlatSkin/Font/Roboto-BoldItalic.ttf
  artifactKey: Guid(dfb97a9307a577a41bcacba34b9a7e32) Importer(815301076,1909f56bfc062723c751e8b465ee728b)
Start importing Packages/com.unity.searcher/Editor/Resources/FlatSkin/Font/Roboto-BoldItalic.ttf using Guid(dfb97a9307a577a41bcacba34b9a7e32) Importer(815301076,1909f56bfc062723c751e8b465ee728b)  -> (artifact id: '81bf1bfb61ac7f4d6a7e4eb4798b4b65') in 0.048411 seconds 
========================================================================
Received Import Request.
  Time since last request: 161.385959 seconds.
  path: Assets/URP/2D Renderer Data.asset
  artifactKey: Guid(eb635300676357c4caddd0360e60b20b) Importer(815301076,1909f56bfc062723c751e8b465ee728b)
Start importing Assets/URP/2D Renderer Data.asset using Guid(eb635300676357c4caddd0360e60b20b) Importer(815301076,1909f56bfc062723c751e8b465ee728b)  -> (artifact id: '0ce2a27b8cacbb815c4f5ba7e5071005') in 0.097915 seconds 
========================================================================
Received Prepare
Registering precompiled user dll's ...
Registered in 0.011159 seconds.
Begin MonoManager ReloadAssembly
Symbol file LoadedFromMemory doesn't match image C:\Users\HUAWEI\Desktop\try_escape_game\try { escape() }\Library\PackageCache\com.unity.collab-proxy@1.15.15\Lib\Editor\PlasticSCM\unityplastic.dll
Native extension for WindowsStandalone target not found
Refreshing native plugins compatible for Editor in 1.85 ms, found 3 plugins.
Preloading 0 native plugins for Editor in 0.00 ms.
Invalid AssetDatabase path: /Editor/EditorResources/cm_logo_sm.png. Use path relative to the project folder.
UnityEngine.StackTraceUtility:ExtractStackTrace ()
UnityEditor.AssetDatabase:LoadAssetAtPath<UnityEngine.Texture2D> (string)
Cinemachine.Editor.CinemachineSettings:get_CinemachineLogoTexture () (at Library/PackageCache/com.unity.cinemachine@2.6.11/Editor/Windows/CinemachineSettings.cs:205)
Cinemachine.Editor.CinemachineSettings:.cctor () (at Library/PackageCache/com.unity.cinemachine@2.6.11/Editor/Windows/CinemachineSettings.cs:237)
Cinemachine.CinemachineColliderPrefs:.cctor () (at Library/PackageCache/com.unity.cinemachine@2.6.11/Editor/Windows/CinemachineColliderPrefs.cs:61)
System.Runtime.CompilerServices.RuntimeHelpers:RunClassConstructor (System.RuntimeTypeHandle)
UnityEditor.EditorAssemblies:ProcessInitializeOnLoadAttributes (System.Type[])

[Library/PackageCache/com.unity.cinemachine@2.6.11/Editor/Windows/CinemachineSettings.cs line 205]

Mono: successfully reloaded assembly
- Completed reload, in  3.260 seconds
Domain Reload Profiling:
	ReloadAssembly (3262ms)
		BeginReloadAssembly (334ms)
			ExecutionOrderSort (0ms)
			DisableScriptedObjects (17ms)
			BackupInstance (0ms)
			ReleaseScriptingObjects (0ms)
			CreateAndSetChildDomain (108ms)
		EndReloadAssembly (2750ms)
			LoadAssemblies (312ms)
			RebuildTransferFunctionScriptingTraits (0ms)
			SetupTypeCache (1002ms)
			ReleaseScriptCaches (3ms)
			RebuildScriptCaches (141ms)
			SetupLoadedEditorAssemblies (993ms)
				LogAssemblyErrors (0ms)
				InitializePlatformSupportModulesInManaged (12ms)
				SetLoadedEditorAssemblies (2ms)
				RefreshPlugins (2ms)
				BeforeProcessingInitializeOnLoad (243ms)
				ProcessInitializeOnLoadAttributes (682ms)
				ProcessInitializeOnLoadMethodAttributes (32ms)
				AfterProcessingInitializeOnLoad (20ms)
				EditorAssembliesLoaded (1ms)
			ExecutionOrderSort2 (0ms)
			AwakeInstancesAfterBackupRestoration (37ms)
Platform modules already initialized, skipping
Switching render pipeline 00000000000000000000000000000000 -> e447444a5976cc342b47af5fe5fd1447
Refreshing native plugins compatible for Editor in 1.35 ms, found 3 plugins.
Preloading 0 native plugins for Editor in 0.00 ms.
Unloading 3553 Unused Serialized files (Serialized files now loaded: 0)
System memory in use before: 175.2 MB.
System memory in use after: 175.2 MB.

Unloading 22 unused Assets to reduce memory usage. Loaded Objects now: 4144.
Total: 6.858500 ms (FindLiveObjects: 0.629600 ms CreateObjectMapping: 0.547500 ms MarkObjects: 5.411200 ms  DeleteObjects: 0.268300 ms)

AssetImportParameters requested are different than current active one (requested -> active):
  custom:framework-win-MediaFoundation: 216162199b28c13a410421893ffa2e32 -> 
  custom:video-decoder-ogg-theora: a1e56fd34408186e4bbccfd4996cb3dc -> 
  custom:container-muxer-webm: aa71ff27fc2769a1b78a27578f13a17b -> 
  custom:container-demuxer-webm: 4f35f7cbe854078d1ac9338744f61a02 -> 
  custom:container-demuxer-ogg: 62fdf1f143b41e24485cea50d1cbac27 -> 
  custom:video-encoder-webm-vp8: eb34c28f22e8b96e1ab97ce403110664 -> 
  custom:video-codec-MediaFoundation-h265: 746d11721c4dcdbdad8f713fa42b33f4 -> 
  custom:video-decoder-webm-vp8: 9c59270c3fd7afecdb556c50c9e8de78 -> 
  custom:audio-decoder-ogg-vorbis: bf7c407c2cedff20999df2af8eb42d56 -> 
  custom:audio-encoder-webm-vorbis: bf7c407c2cedff20999df2af8eb42d56 -> 
========================================================================
Received Import Request.
  Time since last request: 533.284902 seconds.
  path: Assets/URP/2D Renderer Data.asset
  artifactKey: Guid(eb635300676357c4caddd0360e60b20b) Importer(815301076,1909f56bfc062723c751e8b465ee728b)
Start importing Assets/URP/2D Renderer Data.asset using Guid(eb635300676357c4caddd0360e60b20b) Importer(815301076,1909f56bfc062723c751e8b465ee728b)  -> (artifact id: '70402fded74847e85e6d15ecdf8964ec') in 0.039506 seconds 
========================================================================
Received Prepare
Registering precompiled user dll's ...
Registered in 0.013156 seconds.
Begin MonoManager ReloadAssembly
Symbol file LoadedFromMemory doesn't match image C:\Users\HUAWEI\Desktop\try_escape_game\try { escape() }\Library\PackageCache\com.unity.collab-proxy@1.15.15\Lib\Editor\PlasticSCM\unityplastic.dll
Native extension for WindowsStandalone target not found
Refreshing native plugins compatible for Editor in 1.44 ms, found 3 plugins.
Preloading 0 native plugins for Editor in 0.00 ms.
Mono: successfully reloaded assembly
- Completed reload, in  3.469 seconds
Domain Reload Profiling:
	ReloadAssembly (3470ms)
		BeginReloadAssembly (391ms)
			ExecutionOrderSort (0ms)
			DisableScriptedObjects (22ms)
			BackupInstance (0ms)
			ReleaseScriptingObjects (0ms)
			CreateAndSetChildDomain (133ms)
		EndReloadAssembly (2882ms)
			LoadAssemblies (336ms)
			RebuildTransferFunctionScriptingTraits (0ms)
			SetupTypeCache (1052ms)
			ReleaseScriptCaches (3ms)
			RebuildScriptCaches (168ms)
			SetupLoadedEditorAssemblies (1000ms)
				LogAssemblyErrors (0ms)
				InitializePlatformSupportModulesInManaged (11ms)
				SetLoadedEditorAssemblies (1ms)
				RefreshPlugins (2ms)
				BeforeProcessingInitializeOnLoad (240ms)
				ProcessInitializeOnLoadAttributes (696ms)
				ProcessInitializeOnLoadMethodAttributes (32ms)
				AfterProcessingInitializeOnLoad (18ms)
				EditorAssembliesLoaded (1ms)
			ExecutionOrderSort2 (0ms)
			AwakeInstancesAfterBackupRestoration (41ms)
Platform modules already initialized, skipping
Switching render pipeline 00000000000000000000000000000000 -> e447444a5976cc342b47af5fe5fd1447
Refreshing native plugins compatible for Editor in 1.86 ms, found 3 plugins.
Preloading 0 native plugins for Editor in 0.00 ms.
Unloading 3505 Unused Serialized files (Serialized files now loaded: 0)
System memory in use before: 173.9 MB.
System memory in use after: 173.9 MB.

Unloading 23 unused Assets to reduce memory usage. Loaded Objects now: 4148.
Total: 4.908400 ms (FindLiveObjects: 0.368300 ms CreateObjectMapping: 0.247000 ms MarkObjects: 4.103300 ms  DeleteObjects: 0.187600 ms)

AssetImportParameters requested are different than current active one (requested -> active):
  custom:framework-win-MediaFoundation: 216162199b28c13a410421893ffa2e32 -> 
  custom:video-decoder-ogg-theora: a1e56fd34408186e4bbccfd4996cb3dc -> 
  custom:container-muxer-webm: aa71ff27fc2769a1b78a27578f13a17b -> 
  custom:container-demuxer-webm: 4f35f7cbe854078d1ac9338744f61a02 -> 
  custom:container-demuxer-ogg: 62fdf1f143b41e24485cea50d1cbac27 -> 
  custom:video-encoder-webm-vp8: eb34c28f22e8b96e1ab97ce403110664 -> 
  custom:video-codec-MediaFoundation-h265: 746d11721c4dcdbdad8f713fa42b33f4 -> 
  custom:video-decoder-webm-vp8: 9c59270c3fd7afecdb556c50c9e8de78 -> 
  custom:audio-decoder-ogg-vorbis: bf7c407c2cedff20999df2af8eb42d56 -> 
  custom:audio-encoder-webm-vorbis: bf7c407c2cedff20999df2af8eb42d56 -> 
========================================================================
Received Prepare
Registering precompiled user dll's ...
Registered in 0.012356 seconds.
Begin MonoManager ReloadAssembly
Symbol file LoadedFromMemory doesn't match image C:\Users\HUAWEI\Desktop\try_escape_game\try { escape() }\Library\PackageCache\com.unity.collab-proxy@1.15.15\Lib\Editor\PlasticSCM\unityplastic.dll
Native extension for WindowsStandalone target not found
Refreshing native plugins compatible for Editor in 1.38 ms, found 3 plugins.
Preloading 0 native plugins for Editor in 0.00 ms.
Mono: successfully reloaded assembly
- Completed reload, in  3.293 seconds
Domain Reload Profiling:
	ReloadAssembly (3294ms)
		BeginReloadAssembly (287ms)
			ExecutionOrderSort (0ms)
			DisableScriptedObjects (31ms)
			BackupInstance (0ms)
			ReleaseScriptingObjects (0ms)
			CreateAndSetChildDomain (75ms)
		EndReloadAssembly (2838ms)
			LoadAssemblies (317ms)
			RebuildTransferFunctionScriptingTraits (0ms)
			SetupTypeCache (1043ms)
			ReleaseScriptCaches (3ms)
			RebuildScriptCaches (163ms)
			SetupLoadedEditorAssemblies (961ms)
				LogAssemblyErrors (0ms)
				InitializePlatformSupportModulesInManaged (10ms)
				SetLoadedEditorAssemblies (1ms)
				RefreshPlugins (2ms)
				BeforeProcessingInitializeOnLoad (250ms)
				ProcessInitializeOnLoadAttributes (653ms)
				ProcessInitializeOnLoadMethodAttributes (29ms)
				AfterProcessingInitializeOnLoad (16ms)
				EditorAssembliesLoaded (0ms)
			ExecutionOrderSort2 (0ms)
			AwakeInstancesAfterBackupRestoration (45ms)
Platform modules already initialized, skipping
Switching render pipeline 00000000000000000000000000000000 -> e447444a5976cc342b47af5fe5fd1447
Refreshing native plugins compatible for Editor in 1.81 ms, found 3 plugins.
Preloading 0 native plugins for Editor in 0.00 ms.
Unloading 3504 Unused Serialized files (Serialized files now loaded: 0)
System memory in use before: 173.9 MB.
System memory in use after: 174.0 MB.

Unloading 23 unused Assets to reduce memory usage. Loaded Objects now: 4151.
Total: 16.362200 ms (FindLiveObjects: 0.883000 ms CreateObjectMapping: 0.648200 ms MarkObjects: 14.200200 ms  DeleteObjects: 0.626600 ms)

AssetImportParameters requested are different than current active one (requested -> active):
  custom:framework-win-MediaFoundation: 216162199b28c13a410421893ffa2e32 -> 
  custom:video-decoder-ogg-theora: a1e56fd34408186e4bbccfd4996cb3dc -> 
  custom:container-muxer-webm: aa71ff27fc2769a1b78a27578f13a17b -> 
  custom:container-demuxer-webm: 4f35f7cbe854078d1ac9338744f61a02 -> 
  custom:container-demuxer-ogg: 62fdf1f143b41e24485cea50d1cbac27 -> 
  custom:video-encoder-webm-vp8: eb34c28f22e8b96e1ab97ce403110664 -> 
  custom:video-codec-MediaFoundation-h265: 746d11721c4dcdbdad8f713fa42b33f4 -> 
  custom:video-decoder-webm-vp8: 9c59270c3fd7afecdb556c50c9e8de78 -> 
  custom:audio-decoder-ogg-vorbis: bf7c407c2cedff20999df2af8eb42d56 -> 
  custom:audio-encoder-webm-vorbis: bf7c407c2cedff20999df2af8eb42d56 -> 
========================================================================
Received Import Request.
  Time since last request: 258.105374 seconds.
  path: Assets/Animation
  artifactKey: Guid(c0c4daf25c3c952489610367b9174abc) Importer(815301076,1909f56bfc062723c751e8b465ee728b)
Start importing Assets/Animation using Guid(c0c4daf25c3c952489610367b9174abc) Importer(815301076,1909f56bfc062723c751e8b465ee728b)  -> (artifact id: '7f99917157c1b2ed9bc639b9f76024c9') in 0.027755 seconds 
========================================================================
Received Import Request.
  Time since last request: 16.197394 seconds.
  path: Assets/PlayerAnim
  artifactKey: Guid(836fa078930ec0c43a033c8a04a6668b) Importer(815301076,1909f56bfc062723c751e8b465ee728b)
Start importing Assets/PlayerAnim using Guid(836fa078930ec0c43a033c8a04a6668b) Importer(815301076,1909f56bfc062723c751e8b465ee728b)  -> (artifact id: '1501c63732497f29454ac84b9fa566d0') in 0.014199 seconds 
========================================================================
Received Import Request.
  Time since last request: 0.746236 seconds.
  path: Assets/PlayerAnim/Андрей с фонариком.png
  artifactKey: Guid(03433086401e7964aad035d6f715414b) Importer(815301076,1909f56bfc062723c751e8b465ee728b)
Start importing Assets/PlayerAnim/Андрей с фонариком.png using Guid(03433086401e7964aad035d6f715414b) Importer(815301076,1909f56bfc062723c751e8b465ee728b)  -> (artifact id: '7e7184a66460de11dfda676d3fd4414d') in 0.170062 seconds 
========================================================================
Received Import Request.
  Time since last request: 0.000537 seconds.
  path: Assets/PlayerAnim/Андрейход2.png
  artifactKey: Guid(188b7eb04381d37498fdcd7fc3a97f02) Importer(815301076,1909f56bfc062723c751e8b465ee728b)
Start importing Assets/PlayerAnim/Андрейход2.png using Guid(188b7eb04381d37498fdcd7fc3a97f02) Importer(815301076,1909f56bfc062723c751e8b465ee728b)  -> (artifact id: '20a4a5cbf0392b204143fd46e671ece7') in 0.054743 seconds 
========================================================================
Received Import Request.
  Time since last request: 0.000642 seconds.
  path: Assets/PlayerAnim/Андрейход6.png
  artifactKey: Guid(3ee4e05636de0d64988b69167a4ea4a5) Importer(815301076,1909f56bfc062723c751e8b465ee728b)
Start importing Assets/PlayerAnim/Андрейход6.png using Guid(3ee4e05636de0d64988b69167a4ea4a5) Importer(815301076,1909f56bfc062723c751e8b465ee728b)  -> (artifact id: '5c782d25ee360f65df4afc19acde0c89') in 0.054943 seconds 
========================================================================
Received Import Request.
  Time since last request: 0.000510 seconds.
  path: Assets/PlayerAnim/Андрейход5.png
  artifactKey: Guid(c6d9e7c15904020448fe296dd1a06d15) Importer(815301076,1909f56bfc062723c751e8b465ee728b)
Start importing Assets/PlayerAnim/Андрейход5.png using Guid(c6d9e7c15904020448fe296dd1a06d15) Importer(815301076,1909f56bfc062723c751e8b465ee728b)  -> (artifact id: '40d9f6c8ba82e413c063677f290634df') in 0.075830 seconds 
========================================================================
Received Import Request.
  Time since last request: 0.000458 seconds.
  path: Assets/PlayerAnim/Андрейход3.png
  artifactKey: Guid(b300f7658fc808a418cc6f9222866bcd) Importer(815301076,1909f56bfc062723c751e8b465ee728b)
Start importing Assets/PlayerAnim/Андрейход3.png using Guid(b300f7658fc808a418cc6f9222866bcd) Importer(815301076,1909f56bfc062723c751e8b465ee728b)  -> (artifact id: '6c3b93af6b95936b1f8456d930ba21cf') in 0.051468 seconds 
========================================================================
Received Import Request.
  Time since last request: 0.000636 seconds.
  path: Assets/PlayerAnim/Андрейход1.png
  artifactKey: Guid(bc2739a3bbbab684aa8a5e50a8eadcae) Importer(815301076,1909f56bfc062723c751e8b465ee728b)
Start importing Assets/PlayerAnim/Андрейход1.png using Guid(bc2739a3bbbab684aa8a5e50a8eadcae) Importer(815301076,1909f56bfc062723c751e8b465ee728b)  -> (artifact id: 'a8d3a742f644f3cde2c37df477a1fcb1') in 0.059372 seconds 
========================================================================
Received Import Request.
  Time since last request: 0.000511 seconds.
  path: Assets/PlayerAnim/Андрейход4.png
  artifactKey: Guid(a25f794b2be414f44897455b7b13fce1) Importer(815301076,1909f56bfc062723c751e8b465ee728b)
Start importing Assets/PlayerAnim/Андрейход4.png using Guid(a25f794b2be414f44897455b7b13fce1) Importer(815301076,1909f56bfc062723c751e8b465ee728b)  -> (artifact id: 'c3a4abc5ba0ccff20a96382c5e8d1755') in 0.051358 seconds 
========================================================================
Received Import Request.
  Time since last request: 60.091744 seconds.
  path: Assets/Textures/Генератор открытый, выключенныйпнг.png
  artifactKey: Guid(8722cb9e5be991942a2fb93635339e54) Importer(815301076,1909f56bfc062723c751e8b465ee728b)
Start importing Assets/Textures/Генератор открытый, выключенныйпнг.png using Guid(8722cb9e5be991942a2fb93635339e54) Importer(815301076,1909f56bfc062723c751e8b465ee728b)  -> (artifact id: 'bae78dc729bccca27485a947b736d3a2') in 0.065633 seconds 
========================================================================
Received Import Request.
  Time since last request: 0.000492 seconds.
  path: Assets/Textures/Капсула открытая.png
  artifactKey: Guid(17a8441121481844c84e647bf63008ac) Importer(815301076,1909f56bfc062723c751e8b465ee728b)
Start importing Assets/Textures/Капсула открытая.png using Guid(17a8441121481844c84e647bf63008ac) Importer(815301076,1909f56bfc062723c751e8b465ee728b)  -> (artifact id: '3e1cb9795a1501cbefd8cc56d449c120') in 0.052975 seconds 
========================================================================
Received Import Request.
  Time since last request: 1.451638 seconds.
  path: Assets/Textures/Компьютер.png
  artifactKey: Guid(f3f1b35c0b543724ea03c444ac644da2) Importer(815301076,1909f56bfc062723c751e8b465ee728b)
Start importing Assets/Textures/Компьютер.png using Guid(f3f1b35c0b543724ea03c444ac644da2) Importer(815301076,1909f56bfc062723c751e8b465ee728b)  -> (artifact id: 'b69f4d86412305b0cf881f1286bf8462') in 0.101853 seconds 
========================================================================
Received Import Request.
  Time since last request: 0.000339 seconds.
  path: Assets/Textures/Табличка Костя-монстр.png
  artifactKey: Guid(8f0111d07fac4964fa561c0fe1b284b2) Importer(815301076,1909f56bfc062723c751e8b465ee728b)
Start importing Assets/Textures/Табличка Костя-монстр.png using Guid(8f0111d07fac4964fa561c0fe1b284b2) Importer(815301076,1909f56bfc062723c751e8b465ee728b)  -> (artifact id: 'aafb6300cf357481d02cee503490f184') in 0.066189 seconds 
========================================================================
Received Import Request.
  Time since last request: 0.000410 seconds.
  path: Assets/Textures/Серверный шкаф.png
  artifactKey: Guid(4c8934834eabecc428ceefe7b7fc854e) Importer(815301076,1909f56bfc062723c751e8b465ee728b)
Start importing Assets/Textures/Серверный шкаф.png using Guid(4c8934834eabecc428ceefe7b7fc854e) Importer(815301076,1909f56bfc062723c751e8b465ee728b)  -> (artifact id: '66c43fb17b37f8cbf39432ddf29fc4cf') in 0.053366 seconds 
========================================================================
Received Import Request.
  Time since last request: 0.000345 seconds.
  path: Assets/Textures/Лестницапнг.png
  artifactKey: Guid(984a6d45c43c8594cbc1216a86085452) Importer(815301076,1909f56bfc062723c751e8b465ee728b)
Start importing Assets/Textures/Лестницапнг.png using Guid(984a6d45c43c8594cbc1216a86085452) Importer(815301076,1909f56bfc062723c751e8b465ee728b)  -> (artifact id: '3559a39d0db00aee7ac73d4c805368c8') in 0.039892 seconds 
========================================================================
Received Import Request.
  Time since last request: 0.000407 seconds.
  path: Assets/Textures/Серверный шкаф пнг.png
  artifactKey: Guid(287cdcf87e4ef0f4b96f091da89b9778) Importer(815301076,1909f56bfc062723c751e8b465ee728b)
Start importing Assets/Textures/Серверный шкаф пнг.png using Guid(287cdcf87e4ef0f4b96f091da89b9778) Importer(815301076,1909f56bfc062723c751e8b465ee728b)  -> (artifact id: '9bf66293522fe5872edbee443b9c5894') in 0.058944 seconds 
========================================================================
Received Import Request.
  Time since last request: 0.000398 seconds.
  path: Assets/Textures/Табличка Андрей.png
  artifactKey: Guid(627bfc954344b1b4880f36d0dc28a3fc) Importer(815301076,1909f56bfc062723c751e8b465ee728b)
Start importing Assets/Textures/Табличка Андрей.png using Guid(627bfc954344b1b4880f36d0dc28a3fc) Importer(815301076,1909f56bfc062723c751e8b465ee728b)  -> (artifact id: 'ddbf1b4f14a0cdc71020b65df2d79aa5') in 0.033230 seconds 
========================================================================
Received Import Request.
  Time since last request: 0.193467 seconds.
  path: Assets/Textures/Табличка Павел.png
  artifactKey: Guid(11f07e80a3293b444913ce0e4df26fde) Importer(815301076,1909f56bfc062723c751e8b465ee728b)
Start importing Assets/Textures/Табличка Павел.png using Guid(11f07e80a3293b444913ce0e4df26fde) Importer(815301076,1909f56bfc062723c751e8b465ee728b)  -> (artifact id: '935f4354742b9b2905de78e1f5412c27') in 0.074881 seconds 
========================================================================
Received Import Request.
  Time since last request: 0.000786 seconds.
  path: Assets/Textures/доска.png
  artifactKey: Guid(a3623e442f75ccd4a9a9cf8ee73324f3) Importer(815301076,1909f56bfc062723c751e8b465ee728b)
Start importing Assets/Textures/доска.png using Guid(a3623e442f75ccd4a9a9cf8ee73324f3) Importer(815301076,1909f56bfc062723c751e8b465ee728b)  -> (artifact id: 'bb49a4d4166699637368364e2f235ef2') in 0.082228 seconds 
========================================================================
Received Import Request.
  Time since last request: 0.000831 seconds.
  path: Assets/Textures/Табличка Соня.png
  artifactKey: Guid(66e30a30179cfce4fa950f03cdfc46f8) Importer(815301076,1909f56bfc062723c751e8b465ee728b)
Start importing Assets/Textures/Табличка Соня.png using Guid(66e30a30179cfce4fa950f03cdfc46f8) Importer(815301076,1909f56bfc062723c751e8b465ee728b)  -> (artifact id: 'b34a7e4ee8a995acdac483b0cdd11110') in 0.072010 seconds 
========================================================================
Received Import Request.
  Time since last request: 0.000730 seconds.
  path: Assets/Textures/Табличка Степан.png
  artifactKey: Guid(5af8c8fec04e856458ca34933553bf85) Importer(815301076,1909f56bfc062723c751e8b465ee728b)
Start importing Assets/Textures/Табличка Степан.png using Guid(5af8c8fec04e856458ca34933553bf85) Importer(815301076,1909f56bfc062723c751e8b465ee728b)  -> (artifact id: '4765a859e60aa8e42a7afd428276ae20') in 0.068601 seconds 
========================================================================
Received Import Request.
  Time since last request: 0.000711 seconds.
  path: Assets/Textures/Табличка Тимофей.png
  artifactKey: Guid(0322838d7df8f9d4a806ad2b10def308) Importer(815301076,1909f56bfc062723c751e8b465ee728b)
Start importing Assets/Textures/Табличка Тимофей.png using Guid(0322838d7df8f9d4a806ad2b10def308) Importer(815301076,1909f56bfc062723c751e8b465ee728b)  -> (artifact id: '49bfd3f489b80c0385ec58b9032ec7d3') in 0.073694 seconds 
========================================================================
Received Import Request.
  Time since last request: 1.257131 seconds.
  path: Assets/Textures/лампа1.png
  artifactKey: Guid(b51c61c4b95f57c4f8adf6233d4a9f4a) Importer(815301076,1909f56bfc062723c751e8b465ee728b)
Start importing Assets/Textures/лампа1.png using Guid(b51c61c4b95f57c4f8adf6233d4a9f4a) Importer(815301076,1909f56bfc062723c751e8b465ee728b)  -> (artifact id: '151acc9de4524e6af8840e784adb7d92') in 0.075800 seconds 
========================================================================
Received Import Request.
  Time since last request: 0.000813 seconds.
  path: Assets/Textures/лампа5.png
  artifactKey: Guid(e5578aaddba4ef049b5ec822601f5ca5) Importer(815301076,1909f56bfc062723c751e8b465ee728b)
Start importing Assets/Textures/лампа5.png using Guid(e5578aaddba4ef049b5ec822601f5ca5) Importer(815301076,1909f56bfc062723c751e8b465ee728b)  -> (artifact id: '5a5faa948c2953e7de5c97639f09a940') in 0.111005 seconds 
========================================================================
Received Import Request.
  Time since last request: 0.000722 seconds.
  path: Assets/Textures/лампа2.png
  artifactKey: Guid(fe518c44c93367343ba96effcd06d0e4) Importer(815301076,1909f56bfc062723c751e8b465ee728b)
Start importing Assets/Textures/лампа2.png using Guid(fe518c44c93367343ba96effcd06d0e4) Importer(815301076,1909f56bfc062723c751e8b465ee728b)  -> (artifact id: 'c646af6ecbe7d3a130dc3186f4bef151') in 0.082839 seconds 
========================================================================
Received Import Request.
  Time since last request: 0.000489 seconds.
  path: Assets/Textures/лампа3.png
  artifactKey: Guid(e695a2a7e28721c4e85bcdcf207e91a8) Importer(815301076,1909f56bfc062723c751e8b465ee728b)
Start importing Assets/Textures/лампа3.png using Guid(e695a2a7e28721c4e85bcdcf207e91a8) Importer(815301076,1909f56bfc062723c751e8b465ee728b)  -> (artifact id: 'bd66bdd682023e6665234b87bf7f2198') in 0.059167 seconds 
========================================================================
Received Import Request.
  Time since last request: 0.000374 seconds.
  path: Assets/Textures/лампа4.png
  artifactKey: Guid(fd1a78fac47eae64e8f4969025d9bee3) Importer(815301076,1909f56bfc062723c751e8b465ee728b)
Start importing Assets/Textures/лампа4.png using Guid(fd1a78fac47eae64e8f4969025d9bee3) Importer(815301076,1909f56bfc062723c751e8b465ee728b)  -> (artifact id: '17e79f7d3d84d64618d17d9ddbb3f9fc') in 0.050923 seconds 
========================================================================
Received Prepare
Registering precompiled user dll's ...
Registered in 0.010476 seconds.
Begin MonoManager ReloadAssembly
Symbol file LoadedFromMemory doesn't match image C:\Users\HUAWEI\Desktop\try_escape_game\try { escape() }\Library\PackageCache\com.unity.collab-proxy@1.15.15\Lib\Editor\PlasticSCM\unityplastic.dll
Native extension for WindowsStandalone target not found
Refreshing native plugins compatible for Editor in 1.35 ms, found 3 plugins.
Preloading 0 native plugins for Editor in 0.00 ms.
Mono: successfully reloaded assembly
- Completed reload, in  3.302 seconds
Domain Reload Profiling:
	ReloadAssembly (3303ms)
		BeginReloadAssembly (353ms)
			ExecutionOrderSort (0ms)
			DisableScriptedObjects (19ms)
			BackupInstance (0ms)
			ReleaseScriptingObjects (0ms)
			CreateAndSetChildDomain (126ms)
		EndReloadAssembly (2774ms)
			LoadAssemblies (298ms)
			RebuildTransferFunctionScriptingTraits (0ms)
			SetupTypeCache (953ms)
			ReleaseScriptCaches (3ms)
			RebuildScriptCaches (194ms)
			SetupLoadedEditorAssemblies (949ms)
				LogAssemblyErrors (0ms)
				InitializePlatformSupportModulesInManaged (11ms)
				SetLoadedEditorAssemblies (1ms)
				RefreshPlugins (2ms)
				BeforeProcessingInitializeOnLoad (224ms)
				ProcessInitializeOnLoadAttributes (669ms)
				ProcessInitializeOnLoadMethodAttributes (29ms)
				AfterProcessingInitializeOnLoad (13ms)
				EditorAssembliesLoaded (0ms)
			ExecutionOrderSort2 (0ms)
			AwakeInstancesAfterBackupRestoration (55ms)
Platform modules already initialized, skipping
Switching render pipeline 00000000000000000000000000000000 -> e447444a5976cc342b47af5fe5fd1447
Refreshing native plugins compatible for Editor in 1.50 ms, found 3 plugins.
Preloading 0 native plugins for Editor in 0.00 ms.
Unloading 3504 Unused Serialized files (Serialized files now loaded: 0)
System memory in use before: 174.0 MB.
System memory in use after: 174.1 MB.

Unloading 23 unused Assets to reduce memory usage. Loaded Objects now: 4167.
Total: 6.914000 ms (FindLiveObjects: 0.524000 ms CreateObjectMapping: 0.364700 ms MarkObjects: 5.768800 ms  DeleteObjects: 0.254500 ms)

AssetImportParameters requested are different than current active one (requested -> active):
  custom:framework-win-MediaFoundation: 216162199b28c13a410421893ffa2e32 -> 
  custom:video-decoder-ogg-theora: a1e56fd34408186e4bbccfd4996cb3dc -> 
  custom:container-muxer-webm: aa71ff27fc2769a1b78a27578f13a17b -> 
  custom:container-demuxer-webm: 4f35f7cbe854078d1ac9338744f61a02 -> 
  custom:container-demuxer-ogg: 62fdf1f143b41e24485cea50d1cbac27 -> 
  custom:video-encoder-webm-vp8: eb34c28f22e8b96e1ab97ce403110664 -> 
  custom:video-codec-MediaFoundation-h265: 746d11721c4dcdbdad8f713fa42b33f4 -> 
  custom:video-decoder-webm-vp8: 9c59270c3fd7afecdb556c50c9e8de78 -> 
  custom:audio-decoder-ogg-vorbis: bf7c407c2cedff20999df2af8eb42d56 -> 
  custom:audio-encoder-webm-vorbis: bf7c407c2cedff20999df2af8eb42d56 -> 
========================================================================
Received Prepare
Registering precompiled user dll's ...
Registered in 0.004477 seconds.
Begin MonoManager ReloadAssembly
Symbol file LoadedFromMemory doesn't match image C:\Users\HUAWEI\Desktop\try_escape_game\try { escape() }\Library\PackageCache\com.unity.collab-proxy@1.15.15\Lib\Editor\PlasticSCM\unityplastic.dll
Native extension for WindowsStandalone target not found
Refreshing native plugins compatible for Editor in 2.25 ms, found 3 plugins.
Preloading 0 native plugins for Editor in 0.00 ms.
Mono: successfully reloaded assembly
- Completed reload, in  3.458 seconds
Domain Reload Profiling:
	ReloadAssembly (3459ms)
		BeginReloadAssembly (321ms)
			ExecutionOrderSort (0ms)
			DisableScriptedObjects (19ms)
			BackupInstance (0ms)
			ReleaseScriptingObjects (0ms)
			CreateAndSetChildDomain (83ms)
		EndReloadAssembly (2840ms)
			LoadAssemblies (417ms)
			RebuildTransferFunctionScriptingTraits (0ms)
			SetupTypeCache (961ms)
			ReleaseScriptCaches (3ms)
			RebuildScriptCaches (160ms)
			SetupLoadedEditorAssemblies (945ms)
				LogAssemblyErrors (0ms)
				InitializePlatformSupportModulesInManaged (13ms)
				SetLoadedEditorAssemblies (2ms)
				RefreshPlugins (2ms)
				BeforeProcessingInitializeOnLoad (244ms)
				ProcessInitializeOnLoadAttributes (633ms)
				ProcessInitializeOnLoadMethodAttributes (31ms)
				AfterProcessingInitializeOnLoad (18ms)
				EditorAssembliesLoaded (1ms)
			ExecutionOrderSort2 (0ms)
			AwakeInstancesAfterBackupRestoration (39ms)
Platform modules already initialized, skipping
Switching render pipeline 00000000000000000000000000000000 -> e447444a5976cc342b47af5fe5fd1447
Refreshing native plugins compatible for Editor in 1.42 ms, found 3 plugins.
Preloading 0 native plugins for Editor in 0.00 ms.
Unloading 3503 Unused Serialized files (Serialized files now loaded: 0)
System memory in use before: 173.9 MB.
System memory in use after: 174.0 MB.

Unloading 24 unused Assets to reduce memory usage. Loaded Objects now: 4169.
Total: 7.556300 ms (FindLiveObjects: 0.428100 ms CreateObjectMapping: 0.369900 ms MarkObjects: 6.495500 ms  DeleteObjects: 0.260600 ms)

AssetImportParameters requested are different than current active one (requested -> active):
  custom:framework-win-MediaFoundation: 216162199b28c13a410421893ffa2e32 -> 
  custom:video-decoder-ogg-theora: a1e56fd34408186e4bbccfd4996cb3dc -> 
  custom:container-muxer-webm: aa71ff27fc2769a1b78a27578f13a17b -> 
  custom:container-demuxer-webm: 4f35f7cbe854078d1ac9338744f61a02 -> 
  custom:container-demuxer-ogg: 62fdf1f143b41e24485cea50d1cbac27 -> 
  custom:video-encoder-webm-vp8: eb34c28f22e8b96e1ab97ce403110664 -> 
  custom:video-codec-MediaFoundation-h265: 746d11721c4dcdbdad8f713fa42b33f4 -> 
  custom:video-decoder-webm-vp8: 9c59270c3fd7afecdb556c50c9e8de78 -> 
  custom:audio-decoder-ogg-vorbis: bf7c407c2cedff20999df2af8eb42d56 -> 
  custom:audio-encoder-webm-vorbis: bf7c407c2cedff20999df2af8eb42d56 -> 
========================================================================
Received Prepare
Registering precompiled user dll's ...
Registered in 0.006132 seconds.
Begin MonoManager ReloadAssembly
Symbol file LoadedFromMemory doesn't match image C:\Users\HUAWEI\Desktop\try_escape_game\try { escape() }\Library\PackageCache\com.unity.collab-proxy@1.15.15\Lib\Editor\PlasticSCM\unityplastic.dll
Native extension for WindowsStandalone target not found
Refreshing native plugins compatible for Editor in 1.26 ms, found 3 plugins.
Preloading 0 native plugins for Editor in 0.00 ms.
Mono: successfully reloaded assembly
- Completed reload, in  3.031 seconds
Domain Reload Profiling:
	ReloadAssembly (3032ms)
		BeginReloadAssembly (153ms)
			ExecutionOrderSort (0ms)
			DisableScriptedObjects (7ms)
			BackupInstance (0ms)
			ReleaseScriptingObjects (0ms)
			CreateAndSetChildDomain (46ms)
		EndReloadAssembly (2738ms)
			LoadAssemblies (336ms)
			RebuildTransferFunctionScriptingTraits (0ms)
			SetupTypeCache (1170ms)
			ReleaseScriptCaches (2ms)
			RebuildScriptCaches (120ms)
			SetupLoadedEditorAssemblies (749ms)
				LogAssemblyErrors (0ms)
				InitializePlatformSupportModulesInManaged (6ms)
				SetLoadedEditorAssemblies (1ms)
				RefreshPlugins (1ms)
				BeforeProcessingInitializeOnLoad (188ms)
				ProcessInitializeOnLoadAttributes (503ms)
				ProcessInitializeOnLoadMethodAttributes (30ms)
				AfterProcessingInitializeOnLoad (18ms)
				EditorAssembliesLoaded (1ms)
			ExecutionOrderSort2 (0ms)
			AwakeInstancesAfterBackupRestoration (43ms)
Platform modules already initialized, skipping
Switching render pipeline 00000000000000000000000000000000 -> e447444a5976cc342b47af5fe5fd1447
Refreshing native plugins compatible for Editor in 1.73 ms, found 3 plugins.
Preloading 0 native plugins for Editor in 0.00 ms.
Unloading 3504 Unused Serialized files (Serialized files now loaded: 0)
System memory in use before: 174.0 MB.
System memory in use after: 174.0 MB.

Unloading 23 unused Assets to reduce memory usage. Loaded Objects now: 4173.
Total: 8.732900 ms (FindLiveObjects: 0.643600 ms CreateObjectMapping: 0.470300 ms MarkObjects: 7.327400 ms  DeleteObjects: 0.288700 ms)

AssetImportParameters requested are different than current active one (requested -> active):
  custom:framework-win-MediaFoundation: 216162199b28c13a410421893ffa2e32 -> 
  custom:video-decoder-ogg-theora: a1e56fd34408186e4bbccfd4996cb3dc -> 
  custom:container-muxer-webm: aa71ff27fc2769a1b78a27578f13a17b -> 
  custom:container-demuxer-webm: 4f35f7cbe854078d1ac9338744f61a02 -> 
  custom:container-demuxer-ogg: 62fdf1f143b41e24485cea50d1cbac27 -> 
  custom:video-encoder-webm-vp8: eb34c28f22e8b96e1ab97ce403110664 -> 
  custom:video-codec-MediaFoundation-h265: 746d11721c4dcdbdad8f713fa42b33f4 -> 
  custom:video-decoder-webm-vp8: 9c59270c3fd7afecdb556c50c9e8de78 -> 
  custom:audio-decoder-ogg-vorbis: bf7c407c2cedff20999df2af8eb42d56 -> 
  custom:audio-encoder-webm-vorbis: bf7c407c2cedff20999df2af8eb42d56 -> 
========================================================================
Received Prepare
Registering precompiled user dll's ...
Registered in 0.042741 seconds.
Begin MonoManager ReloadAssembly
Symbol file LoadedFromMemory doesn't match image C:\Users\HUAWEI\Desktop\try_escape_game\try { escape() }\Library\PackageCache\com.unity.collab-proxy@1.15.15\Lib\Editor\PlasticSCM\unityplastic.dll
Native extension for WindowsStandalone target not found
Refreshing native plugins compatible for Editor in 5.05 ms, found 3 plugins.
Preloading 0 native plugins for Editor in 0.00 ms.
Mono: successfully reloaded assembly
- Completed reload, in  7.447 seconds
Domain Reload Profiling:
	ReloadAssembly (7450ms)
		BeginReloadAssembly (762ms)
			ExecutionOrderSort (0ms)
			DisableScriptedObjects (48ms)
			BackupInstance (0ms)
			ReleaseScriptingObjects (1ms)
			CreateAndSetChildDomain (219ms)
		EndReloadAssembly (6280ms)
			LoadAssemblies (834ms)
			RebuildTransferFunctionScriptingTraits (0ms)
			SetupTypeCache (2167ms)
			ReleaseScriptCaches (8ms)
			RebuildScriptCaches (380ms)
			SetupLoadedEditorAssemblies (2200ms)
				LogAssemblyErrors (0ms)
				InitializePlatformSupportModulesInManaged (26ms)
				SetLoadedEditorAssemblies (5ms)
				RefreshPlugins (5ms)
				BeforeProcessingInitializeOnLoad (484ms)
				ProcessInitializeOnLoadAttributes (1567ms)
				ProcessInitializeOnLoadMethodAttributes (78ms)
				AfterProcessingInitializeOnLoad (34ms)
				EditorAssembliesLoaded (1ms)
			ExecutionOrderSort2 (0ms)
			AwakeInstancesAfterBackupRestoration (98ms)
Platform modules already initialized, skipping
Switching render pipeline 00000000000000000000000000000000 -> e447444a5976cc342b47af5fe5fd1447
Refreshing native plugins compatible for Editor in 3.52 ms, found 3 plugins.
Preloading 0 native plugins for Editor in 0.00 ms.
Unloading 3504 Unused Serialized files (Serialized files now loaded: 0)
System memory in use before: 174.1 MB.
System memory in use after: 174.1 MB.

Unloading 23 unused Assets to reduce memory usage. Loaded Objects now: 4176.
Total: 22.976300 ms (FindLiveObjects: 3.097100 ms CreateObjectMapping: 1.438400 ms MarkObjects: 17.414300 ms  DeleteObjects: 1.018600 ms)

AssetImportParameters requested are different than current active one (requested -> active):
  custom:framework-win-MediaFoundation: 216162199b28c13a410421893ffa2e32 -> 
  custom:video-decoder-ogg-theora: a1e56fd34408186e4bbccfd4996cb3dc -> 
  custom:container-muxer-webm: aa71ff27fc2769a1b78a27578f13a17b -> 
  custom:container-demuxer-webm: 4f35f7cbe854078d1ac9338744f61a02 -> 
  custom:container-demuxer-ogg: 62fdf1f143b41e24485cea50d1cbac27 -> 
  custom:video-encoder-webm-vp8: eb34c28f22e8b96e1ab97ce403110664 -> 
  custom:video-codec-MediaFoundation-h265: 746d11721c4dcdbdad8f713fa42b33f4 -> 
  custom:video-decoder-webm-vp8: 9c59270c3fd7afecdb556c50c9e8de78 -> 
  custom:audio-decoder-ogg-vorbis: bf7c407c2cedff20999df2af8eb42d56 -> 
  custom:audio-encoder-webm-vorbis: bf7c407c2cedff20999df2af8eb42d56 -> 
AssetImportWorkerClient::OnTransportError - code=2 error=End of file
